<?xml version="1.0" encoding="UTF-8"?>
<!-- Generated by org.testng.reporters.JUnitXMLReporter -->
<testsuite ignored="0" hostname="LAPTOP-OG0KRC8M" failures="0" tests="2" name="ChromeTest" time="0.071" errors="0" timestamp="12 Jun 2019 01:52:14 GMT">
  <testcase classname="com.class05.TaskOneDataProvider" name="@BeforeClass setUp" time="0.0">
    <failure type="org.testng.TestNGException" message="
Method setUp requires 4 parameters but 3 were supplied in the BeforeClass annotation.">
      <![CDATA[org.testng.TestNGException: 
Method setUp requires 4 parameters but 3 were supplied in the BeforeClass annotation.
at java.base/java.util.concurrent.FutureTask.run(Unknown Source)
at java.base/java.util.concurrent.ThreadPoolExecutor.runWorker(Unknown Source)
at java.base/java.util.concurrent.ThreadPoolExecutor$Worker.run(Unknown Source)
at java.base/java.lang.Thread.run(Unknown Source)
... Removed 14 stack frames]]>
    </failure>
  </testcase> <!-- @BeforeClass setUp -->
  <testcase classname="com.class05.TaskOneDataProvider" name="@BeforeClass setUp" time="0.0">
    <failure type="org.testng.TestNGException" message="
Method setUp requires 4 parameters but 3 were supplied in the BeforeClass annotation.">
      <![CDATA[org.testng.TestNGException: 
Method setUp requires 4 parameters but 3 were supplied in the BeforeClass annotation.
at java.base/java.util.concurrent.FutureTask.run(Unknown Source)
at java.base/java.util.concurrent.ThreadPoolExecutor.runWorker(Unknown Source)
at java.base/java.util.concurrent.ThreadPoolExecutor$Worker.run(Unknown Source)
at java.base/java.lang.Thread.run(Unknown Source)
... Removed 14 stack frames]]>
    </failure>
  </testcase> <!-- @BeforeClass setUp -->
  <testcase classname="com.class05.TaskOneDataProvider" name="@AfterClass tearDown" time="0.0">
    <skipped/>
  </testcase> <!-- @AfterClass tearDown -->
  <testcase classname="com.class05.TaskOneDataProvider" name="@AfterClass tearDown" time="0.0">
    <skipped/>
  </testcase> <!-- @AfterClass tearDown -->
  <testcase classname="com.class05.TaskOneDataProvider" name="testUsers" time="0.0">
    <skipped/>
  </testcase> <!-- testUsers -->
  <testcase classname="com.class05.TaskOneDataProvider" name="testUsers" time="0.0">
    <skipped/>
  </testcase> <!-- testUsers -->
</testsuite> <!-- ChromeTest -->
